<?xml version="1.0" encoding="UTF-8"?>
<!-- Generated by org.testng.reporters.JUnitReportReporter -->
<testsuite hostname="DESKTOP-06CF5O3" failures="0" tests="2" name="Tests.MovieDetailsPageTest" time="9.677" errors="0" timestamp="2024-08-15T20:00:20 IST" skipped="0">
  <testcase classname="Tests.MovieDetailsPageTest" name="homeMoviesTestUIElements" time="4.799"/>
  <testcase classname="Tests.MovieDetailsPageTest" name="checkMovies" time="4.878"/>
</testsuite> <!-- Tests.MovieDetailsPageTest -->
