<?xml version="1.0" encoding="UTF-8"?>
<!-- Generated by org.testng.reporters.JUnitReportReporter -->
<testsuite hostname="DESKTOP-06CF5O3" failures="0" tests="6" name="Tests.LoginPageTest" time="22.066" errors="0" timestamp="2024-08-13T14:53:08 IST" skipped="0">
  <testcase classname="Tests.LoginPageTest" name="testWithLoginUI" time="2.405"/>
  <testcase classname="Tests.LoginPageTest" name="LoginEmptyInputs" time="5.505"/>
  <testcase classname="Tests.LoginPageTest" name="loginWithEmptyUsername" time="2.995"/>
  <testcase classname="Tests.LoginPageTest" name="loginWithEmptyPassword" time="4.698"/>
  <testcase classname="Tests.LoginPageTest" name="loginWithInvalidInputs" time="3.287"/>
  <testcase classname="Tests.LoginPageTest" name="loginWithValidInputs" time="3.176"/>
</testsuite> <!-- Tests.LoginPageTest -->
