<?xml version="1.0" encoding="UTF-8"?>
<!-- Generated by org.testng.reporters.JUnitReportReporter -->
<testsuite hostname="DESKTOP-06CF5O3" failures="0" tests="4" name="Tests.HomePageTest" time="12.645" errors="0" timestamp="2024-08-15T20:00:20 IST" skipped="0">
  <testcase classname="Tests.HomePageTest" name="testWithHeadings" time="3.048"/>
  <testcase classname="Tests.HomePageTest" name="testWithPlayBtn" time="3.450"/>
  <testcase classname="Tests.HomePageTest" name="testMoviesDisplay" time="3.190"/>
  <testcase classname="Tests.HomePageTest" name="testWithContactUs" time="2.957"/>
</testsuite> <!-- Tests.HomePageTest -->
