<?xml version="1.0" encoding="UTF-8"?>
<!-- Generated by org.testng.reporters.JUnitReportReporter -->
<testsuite hostname="DESKTOP-06CF5O3" failures="0" tests="2" name="Tests.SearchPageTest" time="9.885" errors="0" timestamp="2024-08-13T14:53:08 IST" skipped="0">
  <testcase classname="Tests.SearchPageTest" name="testValidName" time="5.334"/>
  <testcase classname="Tests.SearchPageTest" name="testWithInvalidMovieName" time="4.551"/>
</testsuite> <!-- Tests.SearchPageTest -->
