<?xml version="1.0" encoding="UTF-8"?>
<!-- Generated by org.testng.reporters.JUnitReportReporter -->
<testsuite hostname="DESKTOP-06CF5O3" failures="0" tests="6" name="Tests.LoginPageTest" time="18.763" errors="0" timestamp="2024-08-15T20:00:20 IST" skipped="0">
  <testcase classname="Tests.LoginPageTest" name="testWithLoginUI" time="2.267"/>
  <testcase classname="Tests.LoginPageTest" name="LoginEmptyInputs" time="2.994"/>
  <testcase classname="Tests.LoginPageTest" name="loginWithEmptyUsername" time="2.955"/>
  <testcase classname="Tests.LoginPageTest" name="loginWithEmptyPassword" time="3.010"/>
  <testcase classname="Tests.LoginPageTest" name="loginWithInvalidInputs" time="4.652"/>
  <testcase classname="Tests.LoginPageTest" name="loginWithValidInputs" time="2.885"/>
</testsuite> <!-- Tests.LoginPageTest -->
