<?xml version="1.0" encoding="UTF-8"?>
<!-- Generated by org.testng.reporters.JUnitReportReporter -->
<testsuite hostname="DESKTOP-06CF5O3" failures="0" tests="1" name="Tests.PopularPageTest" time="5.179" errors="0" timestamp="2024-08-15T20:00:20 IST" skipped="0">
  <testcase classname="Tests.PopularPageTest" name="checkMovies" time="5.179"/>
</testsuite> <!-- Tests.PopularPageTest -->
