<?xml version="1.0" encoding="UTF-8"?>
<!-- Generated by org.testng.reporters.JUnitReportReporter -->
<testsuite hostname="DESKTOP-06CF5O3" failures="0" tests="2" name="Tests.SearchPageTest" time="7.843" errors="0" timestamp="2024-08-15T20:00:20 IST" skipped="0">
  <testcase classname="Tests.SearchPageTest" name="testValidName" time="3.947"/>
  <testcase classname="Tests.SearchPageTest" name="testWithInvalidMovieName" time="3.896"/>
</testsuite> <!-- Tests.SearchPageTest -->
