<?xml version="1.0" encoding="UTF-8"?>
<!-- Generated by org.testng.reporters.JUnitReportReporter -->
<testsuite hostname="DESKTOP-06CF5O3" failures="0" tests="2" name="Tests.MovieDetailsPageTest" time="10.323" errors="0" timestamp="2024-08-13T14:53:08 IST" skipped="0">
  <testcase classname="Tests.MovieDetailsPageTest" name="homeMoviesTestUIElements" time="4.757"/>
  <testcase classname="Tests.MovieDetailsPageTest" name="checkMovies" time="5.566"/>
</testsuite> <!-- Tests.MovieDetailsPageTest -->
