<?xml version="1.0" encoding="UTF-8"?>
<!-- Generated by org.testng.reporters.JUnitReportReporter -->
<testsuite hostname="DESKTOP-06CF5O3" failures="0" tests="4" name="Tests.HeaderSectionTest" time="13.451" errors="0" timestamp="2024-08-15T20:00:20 IST" skipped="0">
  <testcase classname="Tests.HeaderSectionTest" name="testWithLogo" time="2.983"/>
  <testcase classname="Tests.HeaderSectionTest" name="testWithNavElements" time="4.027"/>
  <testcase classname="Tests.HeaderSectionTest" name="navigateToHomeAndPopular" time="3.190"/>
  <testcase classname="Tests.HeaderSectionTest" name="testAccountPage" time="3.251"/>
</testsuite> <!-- Tests.HeaderSectionTest -->
