<?xml version="1.0" encoding="UTF-8"?>
<!-- Generated by org.testng.reporters.JUnitReportReporter -->
<testsuite hostname="DESKTOP-06CF5O3" failures="0" tests="2" name="Tests.SearchPageTest" time="7.744" errors="0" timestamp="2024-08-26T18:04:08 IST" skipped="0">
  <testcase classname="Tests.SearchPageTest" name="testValidName" time="3.761"/>
  <testcase classname="Tests.SearchPageTest" name="testWithInvalidMovieName" time="3.983"/>
</testsuite> <!-- Tests.SearchPageTest -->
