<?xml version="1.0" encoding="UTF-8"?>
<!-- Generated by org.testng.reporters.JUnitReportReporter -->
<testsuite hostname="DESKTOP-06CF5O3" failures="0" tests="4" name="Tests.HeaderSectionTest" time="13.542" errors="0" timestamp="2024-08-26T18:04:08 IST" skipped="0">
  <testcase classname="Tests.HeaderSectionTest" name="testWithLogo" time="3.205"/>
  <testcase classname="Tests.HeaderSectionTest" name="testWithNavElements" time="3.331"/>
  <testcase classname="Tests.HeaderSectionTest" name="navigateToHomeAndPopular" time="3.722"/>
  <testcase classname="Tests.HeaderSectionTest" name="testAccountPage" time="3.284"/>
</testsuite> <!-- Tests.HeaderSectionTest -->
