<?xml version="1.0" encoding="UTF-8"?>
<!-- Generated by org.testng.reporters.JUnitReportReporter -->
<testsuite hostname="DESKTOP-06CF5O3" failures="0" tests="1" name="Tests.AccountPageTest" time="3.098" errors="0" timestamp="2024-08-26T18:04:08 IST" skipped="0">
  <testcase classname="Tests.AccountPageTest" name="testWithLogo" time="3.098"/>
</testsuite> <!-- Tests.AccountPageTest -->
