<?xml version="1.0" encoding="UTF-8"?>
<!-- Generated by org.testng.reporters.JUnitReportReporter -->
<testsuite hostname="DESKTOP-06CF5O3" failures="0" tests="6" name="Tests.LoginPageTest" time="19.989" errors="0" timestamp="2024-08-26T18:04:08 IST" skipped="0">
  <testcase classname="Tests.LoginPageTest" name="testWithLoginUI" time="2.525"/>
  <testcase classname="Tests.LoginPageTest" name="LoginEmptyInputs" time="3.082"/>
  <testcase classname="Tests.LoginPageTest" name="loginWithEmptyUsername" time="3.197"/>
  <testcase classname="Tests.LoginPageTest" name="loginWithEmptyPassword" time="3.041"/>
  <testcase classname="Tests.LoginPageTest" name="loginWithInvalidInputs" time="5.164"/>
  <testcase classname="Tests.LoginPageTest" name="loginWithValidInputs" time="2.980"/>
</testsuite> <!-- Tests.LoginPageTest -->
