<?xml version="1.0" encoding="UTF-8"?>
<!-- Generated by org.testng.reporters.JUnitReportReporter -->
<testsuite hostname="DESKTOP-06CF5O3" failures="0" tests="2" name="Tests.MovieDetailsPageTest" time="9.340" errors="0" timestamp="2024-08-26T18:04:08 IST" skipped="0">
  <testcase classname="Tests.MovieDetailsPageTest" name="homeMoviesTestUIElements" time="4.840"/>
  <testcase classname="Tests.MovieDetailsPageTest" name="checkMovies" time="4.500"/>
</testsuite> <!-- Tests.MovieDetailsPageTest -->
