<?xml version="1.0" encoding="UTF-8"?>
<!-- Generated by org.testng.reporters.JUnitReportReporter -->
<testsuite hostname="DESKTOP-06CF5O3" failures="0" tests="4" name="Tests.HomePageTest" time="13.781" errors="0" timestamp="2024-08-26T18:04:08 IST" skipped="0">
  <testcase classname="Tests.HomePageTest" name="testWithHeadings" time="4.182"/>
  <testcase classname="Tests.HomePageTest" name="testWithPlayBtn" time="2.945"/>
  <testcase classname="Tests.HomePageTest" name="testMoviesDisplay" time="3.212"/>
  <testcase classname="Tests.HomePageTest" name="testWithContactUs" time="3.442"/>
</testsuite> <!-- Tests.HomePageTest -->
